<?xml version="1.0" encoding="UTF-8"?><testsuite errors="2" failures="0" name="Lookup a definition" skipped="0" tests="2" time="9.75" timestamp="2016-11-309 03:39:19"><testcase name="Looking up the definition of 'apple'"><error message="Could not instantiate class org.openqa.selenium.firefox.FirefoxDriver" type="net.thucydides.core.webdriver.UnsupportedDriverException">Could not instantiate class org.openqa.selenium.firefox.FirefoxDriver</error><system-err>Could not instantiate class org.openqa.selenium.firefox.FirefoxDriver&#13;
epam.steps.EndUserSteps.is_the_home_page(EndUserSteps.java:34)&#13;
epam.jbehave.DefinitionSteps.givenTheUserIsOnTheWikionaryHomePage(DefinitionSteps.java:17)&#13;
</system-err></testcase><testcase name="Looking up the definition of 'pear'"><error message="Could not instantiate class org.openqa.selenium.firefox.FirefoxDriver" type="net.thucydides.core.webdriver.UnsupportedDriverException">Could not instantiate class org.openqa.selenium.firefox.FirefoxDriver</error><system-err>Could not instantiate class org.openqa.selenium.firefox.FirefoxDriver&#13;
epam.steps.EndUserSteps.is_the_home_page(EndUserSteps.java:34)&#13;
epam.jbehave.DefinitionSteps.givenTheUserIsOnTheWikionaryHomePage(DefinitionSteps.java:17)&#13;
</system-err></testcase></testsuite>