<?xml version="1.0" encoding="UTF-8"?><testsuite errors="0" failures="1" name="First launch" skipped="0" tests="1" time="11.73" timestamp="2016-11-316 07:35:38"><testcase name="Test first launch"><failure message="User isn`t on Devices tab or list of devices is null" type="java.lang.AssertionError">User isn`t on Devices tab or list of devices is null</failure><system-err>User isn`t on Devices tab or list of devices is null&#13;
smartHouse.definitions.DashBoardAsserts.isListOfDevicesPresent(DashBoardAsserts.java:18)&#13;
</system-err></testcase></testsuite>