<?xml version="1.0" encoding="UTF-8"?><testsuite errors="0" failures="1" name="First launch" skipped="0" tests="1" time="19.22" timestamp="2016-11-315 05:08:46"><testcase name="Test first launch"><failure message="User isn`t on Devices tab or list of devices is null" type="java.lang.AssertionError">User isn`t on Devices tab or list of devices is null</failure><system-err>User isn`t on Devices tab or list of devices is null&#13;
smartHouse.definitions.DashBoardAsserts.isListOfDevicesPresent(DashBoardAsserts.java:18)&#13;
</system-err></testcase></testsuite>